Launching lib/main.dart on sdk gphone64 arm64 in debug mode...
Running Gradle task 'assembleDebug'...                           2,916ms
âœ“ Built build/app/outputs/flutter-apk/app-debug.apk
Installing build/app/outputs/flutter-apk/app-debug.apk...          684ms
I/flutter ( 7126): [IMPORTANT:flutter/shell/platform/android/android_context_gl_impeller.cc(94)] Using the Impeller rendering backend (OpenGLES).
Syncing files to device sdk gphone64 arm64...                   
I/es.solegoes_app( 7126): hiddenapi: Accessing hidden method Landroid/view/accessibility/AccessibilityNodeInfo;->getSourceNodeId()J (runtime_flags=0, domain=platform, api=unsupported,test-api) from Lio/flutter/view/AccessibilityViewEmbedder$ReflectionAccessors; (domain=app) using reflection: allowed
I/es.solegoes_app( 7126): hiddenapi: Accessing hidden method Landroid/view/accessibility/AccessibilityRecord;->getSourceNodeId()J (runtime_flags=0, domain=platform, api=unsupported) from Lio/flutter/view/AccessibilityViewEmbedder$ReflectionAccessors; (domain=app) using reflection: allowed
I/es.solegoes_app( 7126): hiddenapi: Accessing hidden field Landroid/view/accessibility/AccessibilityNodeInfo;->mChildNodeIds:Landroid/util/LongArray; (runtime_flags=0, domain=platform, api=unsupported) from Lio/flutter/view/AccessibilityViewEmbedder$ReflectionAccessors; (domain=app) using reflection: allowed
I/es.solegoes_app( 7126): hiddenapi: Accessing hidden method Landroid/util/LongArray;->get(I)J (runtime_flags=0, domain=platform, api=unsupported) from Lio/flutter/view/AccessibilityViewEmbedder$ReflectionAccessors; (domain=app) using reflection: allowed
I/es.solegoes_app( 7126): AssetManager2(0xb4000078cd365918) locale list changing from [] to [en-US]
D/CompatChangeReporter( 7126): Compat change id reported: 309578419; UID 10213; state: ENABLED
D/CompatChangeReporter( 7126): Compat change id reported: 349153669; UID 10213; state: ENABLED
W/HWUI    ( 7126): Unknown dataspace 0
Syncing files to device sdk gphone64 arm64...                       76ms

Flutter run key commands.
r Hot reload. ðŸ”¥ðŸ”¥ðŸ”¥
R Hot restart.
h List all available interactive commands.
d Detach (terminate "flutter run" but leave application running).
c Clear the screen
q Quit (terminate the application on the device).

A Dart VM Service on sdk gphone64 arm64 is available at: http://127.0.0.1:56837/xAvx5Q_mAN8=/
The Flutter DevTools debugger and profiler on sdk gphone64 arm64 is available at: http://127.0.0.1:9102?uri=http://127.0.0.1:56837/xAvx5Q_mAN8=/
I/WindowExtensionsImpl( 7126): Initializing Window Extensions, vendor API level=9, activity embedding enabled=true
I/es.solegoes_app( 7126): Compiler allocated 5111KB to compile void android.view.ViewRootImpl.performTraversals()
D/WindowLayoutComponentImpl( 7126): Register WindowLayoutInfoListener on Context=com.solegoes.solegoes_app.MainActivity@4ff4793, of which baseContext=android.app.ContextImpl@810ece8
I/FirebaseApp( 7126): Device unlocked: initializing all Firebase APIs for app [DEFAULT]
D/CompatChangeReporter( 7126): Compat change id reported: 312399441; UID 10213; state: ENABLED
D/FirebaseAuth( 7126): Notifying id token listeners about user ( 0AIy8cU4T6M29HU2eEbuovYeOP42 ).
W/DynamiteModule( 7126): Local module descriptor class for com.google.android.gms.providerinstaller.dynamite not found.
I/DynamiteModule( 7126): Considering local module com.google.android.gms.providerinstaller.dynamite:0 and remote module com.google.android.gms.providerinstaller.dynamite:0
W/ProviderInstaller( 7126): Failed to load providerinstaller module: No acceptable module com.google.android.gms.providerinstaller.dynamite found. Local version is 0 and remote version is 0.
D/ApplicationLoaders( 7126): Returning zygote-cached class loader: /system/framework/org.apache.http.legacy.jar
D/ApplicationLoaders( 7126): Returning zygote-cached class loader: /system/framework/com.android.media.remotedisplay.jar
D/ApplicationLoaders( 7126): Returning zygote-cached class loader: /system/framework/com.android.location.provider.jar
D/ApplicationLoaders( 7126): Returning zygote-cached class loader: /system_ext/framework/androidx.window.extensions.jar
D/ApplicationLoaders( 7126): Returning zygote-cached class loader: /system_ext/framework/androidx.window.sidecar.jar
W/es.solegoes_app( 7126): Loading /data/app/~~nCs8usyawqjZZrri7hrGhA==/com.google.android.gms-PTltV-s6HQxAl0tq0BTLTQ==/oat/arm64/base.odex non-executable as it requires an image which we failed to load
D/nativeloader( 7126): Configuring clns-12 for other apk /data/app/~~nCs8usyawqjZZrri7hrGhA==/com.google.android.gms-PTltV-s6HQxAl0tq0BTLTQ==/base.apk. target_sdk_version=36, uses_libraries=, library_path=/data/app/~~nCs8usyawqjZZrri7hrGhA==/com.google.android.gms-PTltV-s6HQxAl0tq0BTLTQ==/lib/arm64:/data/app/~~nCs8usyawqjZZrri7hrGhA==/com.google.android.gms-PTltV-s6HQxAl0tq0BTLTQ==/base.apk!/lib/arm64-v8a, permitted_path=/data:/mnt/expand:/data/user/0/com.google.android.gms
D/InsetsController( 7126): hide(ime(), fromIme=false)
I/ImeTracker( 7126): com.solegoes.solegoes_app:73c2fdc4: onCancelled at PHASE_CLIENT_ALREADY_HIDDEN
I/es.solegoes_app( 7126): AssetManager2(0xb4000078cd3620d8) locale list changing from [] to [en-US]
E/GoogleApiManager( 7126): Failed to get service from broker. 
E/GoogleApiManager( 7126): java.lang.SecurityException: Unknown calling package name 'com.google.android.gms'.
E/GoogleApiManager( 7126): 	at android.os.Parcel.createExceptionOrNull(Parcel.java:3340)
E/GoogleApiManager( 7126): 	at android.os.Parcel.createException(Parcel.java:3324)
E/GoogleApiManager( 7126): 	at android.os.Parcel.readException(Parcel.java:3307)
E/GoogleApiManager( 7126): 	at android.os.Parcel.readException(Parcel.java:3249)
E/GoogleApiManager( 7126): 	at azbv.a(:com.google.android.gms@252932035@25.29.32 (260400-787198374):36)
E/GoogleApiManager( 7126): 	at azac.z(:com.google.android.gms@252932035@25.29.32 (260400-787198374):143)
E/GoogleApiManager( 7126): 	at ayha.run(:com.google.android.gms@252932035@25.29.32 (260400-787198374):42)
E/GoogleApiManager( 7126): 	at android.os.Handler.handleCallback(Handler.java:995)
E/GoogleApiManager( 7126): 	at android.os.Handler.dispatchMessage(Handler.java:103)
E/GoogleApiManager( 7126): 	at cjgu.mu(:com.google.android.gms@252932035@25.29.32 (260400-787198374):1)
E/GoogleApiManager( 7126): 	at cjgu.dispatchMessage(:com.google.android.gms@252932035@25.29.32 (260400-787198374):5)
E/GoogleApiManager( 7126): 	at android.os.Looper.loopOnce(Looper.java:248)
E/GoogleApiManager( 7126): 	at android.os.Looper.loop(Looper.java:338)
E/GoogleApiManager( 7126): 	at android.os.HandlerThread.run(HandlerThread.java:85)
W/FlagRegistrar( 7126): Failed to register com.google.android.gms.providerinstaller#com.solegoes.solegoes_app
W/FlagRegistrar( 7126): flrl: 17: 17: API: Phenotype.API is not available on this device. Connection failed with: ConnectionResult{statusCode=DEVELOPER_ERROR, resolution=null, message=null}
W/FlagRegistrar( 7126): 	at flrn.a(:com.google.android.gms@252932035@25.29.32 (260400-787198374):13)
W/FlagRegistrar( 7126): 	at ghqr.d(:com.google.android.gms@252932035@25.29.32 (260400-787198374):3)
W/FlagRegistrar( 7126): 	at ghqt.run(:com.google.android.gms@252932035@25.29.32 (260400-787198374):130)
W/FlagRegistrar( 7126): 	at ghta.execute(:com.google.android.gms@252932035@25.29.32 (260400-787198374):1)
W/FlagRegistrar( 7126): 	at ghrb.f(:com.google.android.gms@252932035@25.29.32 (260400-787198374):1)
W/FlagRegistrar( 7126): 	at ghrb.m(:com.google.android.gms@252932035@25.29.32 (260400-787198374):99)
W/FlagRegistrar( 7126): 	at ghrb.r(:com.google.android.gms@252932035@25.29.32 (260400-787198374):17)
W/FlagRegistrar( 7126): 	at feaa.hE(:com.google.android.gms@252932035@25.29.32 (260400-787198374):35)
W/FlagRegistrar( 7126): 	at eset.run(:com.google.android.gms@252932035@25.29.32 (260400-787198374):12)
W/FlagRegistrar( 7126): 	at ghta.execute(:com.google.android.gms@252932035@25.29.32 (260400-787198374):1)
W/FlagRegistrar( 7126): 	at eseu.b(:com.google.android.gms@252932035@25.29.32 (260400-787198374):18)
W/FlagRegistrar( 7126): 	at esfj.b(:com.google.android.gms@252932035@25.29.32 (260400-787198374):36)
W/FlagRegistrar( 7126): 	at esfl.d(:com.google.android.gms@252932035@25.29.32 (260400-787198374):25)
W/FlagRegistrar( 7126): 	at ayej.c(:com.google.android.gms@252932035@25.29.32 (260400-787198374):9)
W/FlagRegistrar( 7126): 	at aygy.q(:com.google.android.gms@252932035@25.29.32 (260400-787198374):48)
W/FlagRegistrar( 7126): 	at aygy.d(:com.google.android.gms@252932035@25.29.32 (260400-787198374):10)
W/FlagRegistrar( 7126): 	at aygy.g(:com.google.android.gms@252932035@25.29.32 (260400-787198374):185)
W/FlagRegistrar( 7126): 	at aygy.onConnectionFailed(:com.google.android.gms@252932035@25.29.32 (260400-787198374):2)
W/FlagRegistrar( 7126): 	at ayha.run(:com.google.android.gms@252932035@25.29.32 (260400-787198374):70)
W/FlagRegistrar( 7126): 	at android.os.Handler.handleCallback(Handler.java:995)
W/FlagRegistrar( 7126): 	at android.os.Handler.dispatchMessage(Handler.java:103)
W/FlagRegistrar( 7126): 	at cjgu.mu(:com.google.android.gms@252932035@25.29.32 (260400-787198374):1)
W/FlagRegistrar( 7126): 	at cjgu.dispatchMessage(:com.google.android.gms@252932035@25.29.32 (260400-787198374):5)
W/FlagRegistrar( 7126): 	at android.os.Looper.loopOnce(Looper.java:248)
W/FlagRegistrar( 7126): 	at android.os.Looper.loop(Looper.java:338)
W/FlagRegistrar( 7126): 	at android.os.HandlerThread.run(HandlerThread.java:85)
W/FlagRegistrar( 7126): Caused by: aycx: 17: API: Phenotype.API is not available on this device. Connection failed with: ConnectionResult{statusCode=DEVELOPER_ERROR, resolution=null, message=null}
W/FlagRegistrar( 7126): 	at ayzo.a(:com.google.android.gms@252932035@25.29.32 (260400-787198374):15)
W/FlagRegistrar( 7126): 	at ayem.a(:com.google.android.gms@252932035@25.29.32 (260400-787198374):1)
W/FlagRegistrar( 7126): 	at ayej.c(:com.google.android.gms@252932035@25.29.32 (260400-787198374):5)
W/FlagRegistrar( 7126): 	... 12 more
I/es.solegoes_app( 7126): hiddenapi: Accessing hidden method Ldalvik/system/VMStack;->getStackClass2()Ljava/lang/Class; (runtime_flags=0, domain=core-platform, api=unsupported) from Lgctd; (domain=app) using reflection: allowed
I/flqz    ( 7126): Unable to retrieve flag snapshot for com.google.android.gms.providerinstaller#com.solegoes.solegoes_app, using defaults.
D/nativeloader( 7126): Load /data/app/~~nCs8usyawqjZZrri7hrGhA==/com.google.android.gms-PTltV-s6HQxAl0tq0BTLTQ==/base.apk!/lib/arm64-v8a/libconscrypt_gmscore_jni.so using class loader ns clns-12 (caller=/data/app/~~nCs8usyawqjZZrri7hrGhA==/com.google.android.gms-PTltV-s6HQxAl0tq0BTLTQ==/base.apk): ok
V/NativeCrypto( 7126): Registering com/google/android/gms/org/conscrypt/NativeCrypto's 316 native methods...
I/es.solegoes_app( 7126): hiddenapi: Accessing hidden method Ljava/security/spec/ECParameterSpec;->getCurveName()Ljava/lang/String; (runtime_flags=0, domain=core-platform, api=unsupported) from Lcom/google/android/gms/org/conscrypt/Platform; (domain=app) using reflection: allowed
I/ProviderInstaller( 7126): Installed default security provider GmsCore_OpenSSL
I/es.solegoes_app( 7126): hiddenapi: Accessing hidden field Ljava/net/Socket;->impl:Ljava/net/SocketImpl; (runtime_flags=0, domain=core-platform, api=unsupported) from Lcom/google/android/gms/org/conscrypt/Platform; (domain=app) using reflection: allowed
I/es.solegoes_app( 7126): hiddenapi: Accessing hidden method Ljava/security/spec/ECParameterSpec;->setCurveName(Ljava/lang/String;)V (runtime_flags=0, domain=core-platform, api=unsupported) from Lcom/google/android/gms/org/conscrypt/Platform; (domain=app) using reflection: allowed
E/flutter ( 7126): [ERROR:flutter/runtime/dart_vm_initializer.cc(40)] Unhandled Exception: Bad state: The provider authStateChangesProvider was disposed during loading state, yet no value could be emitted.
E/flutter ( 7126): #0      ElementWithFuture.dispose (package:riverpod/src/core/element.dart:329:70)
E/flutter ( 7126): #1      $StreamProviderElement.dispose (package:riverpod/src/providers/stream_provider.dart:163:11)
E/flutter ( 7126): #2      ProviderContainer._disposeProvider (package:riverpod/src/core/provider_container.dart:1023:22)
E/flutter ( 7126): #3      ProviderScheduler._performDispose (package:riverpod/src/core/scheduler.dart:172:27)
E/flutter ( 7126): #4      ProviderScheduler._task (package:riverpod/src/core/scheduler.dart:107:5)
E/flutter ( 7126): #5      Task.call (package:riverpod/src/core/scheduler.dart:14:16)
E/flutter ( 7126): #6      _UncontrolledProviderScopeState._callTask (package:flutter_riverpod/src/core/provider_scope.dart:292:11)
E/flutter ( 7126): #7      _UncontrolledProviderScopeState._flutterVsync.<anonymous closure>.<anonymous closure> (package:flutter_riverpod/src/core/provider_scope.dart:324:9)
E/flutter ( 7126): #8      Timer._createTimer.<anonymous closure> (dart:async-patch/timer_patch.dart:18:15)
E/flutter ( 7126): #9      _Timer._runTimers (dart:isolate-patch/timer_impl.dart:410:19)
E/flutter ( 7126): #10     _Timer._handleMessage (dart:isolate-patch/timer_impl.dart:441:5)
E/flutter ( 7126): #11     _RawReceivePort._handleMessage (dart:isolate-patch/isolate_patch.dart:193:12)
E/flutter ( 7126): 
I/es.solegoes_app( 7126): AssetManager2(0xb4000078cd3811b8) locale list changing from [] to [en-US]
W/WindowOnBackDispatcher( 7126): OnBackInvokedCallback is not enabled for the application.
W/WindowOnBackDispatcher( 7126): Set 'android:enableOnBackInvokedCallback="true"' in the application manifest.
D/ProfileInstaller( 7126): Installing profile for com.solegoes.solegoes_app
W/WindowOnBackDispatcher( 7126): OnBackInvokedCallback is not enabled for the application.
W/WindowOnBackDispatcher( 7126): Set 'android:enableOnBackInvokedCallback="true"' in the application manifest.
E/GoogleApiManager( 7126): Failed to get service from broker. 
E/GoogleApiManager( 7126): java.lang.SecurityException: Unknown calling package name 'com.google.android.gms'.
E/GoogleApiManager( 7126): 	at android.os.Parcel.createExceptionOrNull(Parcel.java:3340)
E/GoogleApiManager( 7126): 	at android.os.Parcel.createException(Parcel.java:3324)
E/GoogleApiManager( 7126): 	at android.os.Parcel.readException(Parcel.java:3307)
E/GoogleApiManager( 7126): 	at android.os.Parcel.readException(Parcel.java:3249)
E/GoogleApiManager( 7126): 	at azbv.a(:com.google.android.gms@252932035@25.29.32 (260400-787198374):36)
E/GoogleApiManager( 7126): 	at azac.z(:com.google.android.gms@252932035@25.29.32 (260400-787198374):143)
E/GoogleApiManager( 7126): 	at ayha.run(:com.google.android.gms@252932035@25.29.32 (260400-787198374):42)
E/GoogleApiManager( 7126): 	at android.os.Handler.handleCallback(Handler.java:995)
E/GoogleApiManager( 7126): 	at android.os.Handler.dispatchMessage(Handler.java:103)
E/GoogleApiManager( 7126): 	at cjgu.mu(:com.google.android.gms@252932035@25.29.32 (260400-787198374):1)
E/GoogleApiManager( 7126): 	at cjgu.dispatchMessage(:com.google.android.gms@252932035@25.29.32 (260400-787198374):5)
E/GoogleApiManager( 7126): 	at android.os.Looper.loopOnce(Looper.java:248)
E/GoogleApiManager( 7126): 	at android.os.Looper.loop(Looper.java:338)
E/GoogleApiManager( 7126): 	at android.os.HandlerThread.run(HandlerThread.java:85)

Performing hot restart...                                       
Restarted application in 1,126ms.
E/flutter ( 7126): [ERROR:flutter/runtime/dart_vm_initializer.cc(40)] Unhandled Exception: Bad state: The provider authStateChangesProvider was disposed during loading state, yet no value could be emitted.
E/flutter ( 7126): #0      ElementWithFuture.dispose (package:riverpod/src/core/element.dart:329:70)
E/flutter ( 7126): #1      $StreamProviderElement.dispose (package:riverpod/src/providers/stream_provider.dart:163:11)
E/flutter ( 7126): #2      ProviderContainer._disposeProvider (package:riverpod/src/core/provider_container.dart:1023:22)
E/flutter ( 7126): #3      ProviderScheduler._performDispose (package:riverpod/src/core/scheduler.dart:172:27)
E/flutter ( 7126): #4      ProviderScheduler._task (package:riverpod/src/core/scheduler.dart:107:5)
E/flutter ( 7126): #5      Task.call (package:riverpod/src/core/scheduler.dart:14:16)
E/flutter ( 7126): #6      _UncontrolledProviderScopeState._callTask (package:flutter_riverpod/src/core/provider_scope.dart:292:11)
E/flutter ( 7126): #7      _UncontrolledProviderScopeState._flutterVsync.<anonymous closure>.<anonymous closure> (package:flutter_riverpod/src/core/provider_scope.dart:324:9)
E/flutter ( 7126): #8      Timer._createTimer.<anonymous closure> (dart:async-patch/timer_patch.dart:18:15)
E/flutter ( 7126): #9      _Timer._runTimers (dart:isolate-patch/timer_impl.dart:410:19)
E/flutter ( 7126): #10     _Timer._handleMessage (dart:isolate-patch/timer_impl.dart:441:5)
E/flutter ( 7126): #11     _RawReceivePort._handleMessage (dart:isolate-patch/isolate_patch.dart:193:12)
E/flutter ( 7126): 
I/es.solegoes_app( 7126): AssetManager2(0xb4000078cd385358) locale list changing from [] to [en-US]
W/WindowOnBackDispatcher( 7126): OnBackInvokedCallback is not enabled for the application.
W/WindowOnBackDispatcher( 7126): Set 'android:enableOnBackInvokedCallback="true"' in the application manifest.
W/WindowOnBackDispatcher( 7126): OnBackInvokedCallback is not enabled for the application.
W/WindowOnBackDispatcher( 7126): Set 'android:enableOnBackInvokedCallback="true"' in the application manifest.
W/WindowOnBackDispatcher( 7126): OnBackInvokedCallback is not enabled for the application.
W/WindowOnBackDispatcher( 7126): Set 'android:enableOnBackInvokedCallback="true"' in the application manifest.
W/WindowOnBackDispatcher( 7126): OnBackInvokedCallback is not enabled for the application.
W/WindowOnBackDispatcher( 7126): Set 'android:enableOnBackInvokedCallback="true"' in the application manifest.

Performing hot reload...                                        
Reloaded 1 of 2771 libraries in 595ms (compile: 28 ms, reload: 259 ms, reassemble: 263 ms).
W/cr_media( 7126): BLUETOOTH_CONNECT permission is missing.
W/cr_media( 7126): getBluetoothAdapter() requires BLUETOOTH permission
W/cr_media( 7126): registerBluetoothIntentsIfNeeded: Requires BLUETOOTH permission
W/libc    ( 7126): Access denied finding property "vendor.mesa.log"
W/libc    ( 7126): Access denied finding property "vendor.mesa.log.file"
E/MESA    ( 7126): Failed to open rendernode: No such file or directory
D/vulkan  ( 7126): searching for layers in '/data/app/~~b1OFK-xy6GP_zxnSATIyNQ==/com.solegoes.solegoes_app-vNZnxBHYZWXS0VmiQqNAIA==/lib/arm64'
D/vulkan  ( 7126): searching for layers in '/data/app/~~b1OFK-xy6GP_zxnSATIyNQ==/com.solegoes.solegoes_app-vNZnxBHYZWXS0VmiQqNAIA==/base.apk!/lib/arm64-v8a'
W/es.solegoes_app( 7126): Deferring native library unloading due to contention
D/vulkan  ( 7126): added global layer 'VK_LAYER_KHRONOS_validation' from library '/data/app/~~b1OFK-xy6GP_zxnSATIyNQ==/com.solegoes.solegoes_app-vNZnxBHYZWXS0VmiQqNAIA==/base.apk!/lib/arm64-v8a/libVkLayer_khronos_validation.so'
W/libc    ( 7126): Access denied finding property "vendor.mesa.vk.trace.per.submit"
W/libc    ( 7126): Access denied finding property "vendor.mesa.gallium.print.optio"
W/libc    ( 7126): Access denied finding property "vendor.mesa.vk.trace.frame"
W/libc    ( 7126): Access denied finding property "vendor.mesa.vk.wsi.headless.swa"
W/VideoCapabilities( 7126): Unsupported mime video/apv
W/VideoCapabilities( 7126): Unsupported mime video/apv
D/InsetsController( 7126): hide(ime(), fromIme=false)
I/ImeTracker( 7126): com.solegoes.solegoes_app:5bc5cab9: onCancelled at PHASE_CLIENT_ALREADY_HIDDEN
E/com.razorpay.checkout( 7126): Webview JS Error: Refused to get unsafe header "x-rtb-fingerprint-id"
I/chromium( 7126): [INFO:CONSOLE:1] "Refused to get unsafe header "x-rtb-fingerprint-id"", source: https://checkout.razorpay.com/v1/v2-entry.modern.js (1)
W/cr_media( 7126): Requires MODIFY_AUDIO_SETTINGS and RECORD_AUDIO. No audio device will be available for recording

Performing hot reload...                                        
lib/src/features/bookings/presentation/trip_booking_screen.dart:1009:40: Error: Member not found: 'bgCard'.
            backgroundColor: AppColors.bgCard,
                                       ^^^^^^
Try again after fixing the above error(s).
W/cr_VibrationManager( 7126): Failed to use vibrate API, requires VIBRATE permission.
I/flutter ( 7126): Payment Error: 2 - undefined
D/VRI[CheckoutActivity]( 7126): visibilityChanged oldVisibility=true newVisibility=false
W/WindowOnBackDispatcher( 7126): sendCancelIfRunning: isInProgress=false callback=android.view.ViewRootImpl$$ExternalSyntheticLambda13@d8ffbbd
D/ViewRootImpl( 7126): Skipping stats log for color mode
D/InsetsController( 7126): hide(ime(), fromIme=false)
I/ImeTracker( 7126): com.solegoes.solegoes_app:a495c936: onCancelled at PHASE_CLIENT_ALREADY_HIDDEN

Performing hot reload...                                        
lib/src/features/bookings/presentation/trip_booking_screen.dart:1009:40: Error: Member not found: 'bgCard'.
            backgroundColor: AppColors.bgCard,
                                       ^^^^^^
Try again after fixing the above error(s).

Performing hot reload...                                        
Reloaded 3 of 2771 libraries in 492ms (compile: 32 ms, reload: 194 ms, reassemble: 236 ms).
D/InsetsController( 7126): hide(ime(), fromIme=false)
I/ImeTracker( 7126): com.solegoes.solegoes_app:94b42d60: onCancelled at PHASE_CLIENT_ALREADY_HIDDEN
E/com.razorpay.checkout( 7126): Webview JS Error: Refused to get unsafe header "x-rtb-fingerprint-id"
I/chromium( 7126): [INFO:CONSOLE:1] "Refused to get unsafe header "x-rtb-fingerprint-id"", source: https://checkout.razorpay.com/v1/v2-entry.modern.js (1)
W/cr_VibrationManager( 7126): Failed to use vibrate API, requires VIBRATE permission.
I/flutter ( 7126): Payment Error: 2 - undefined
D/VRI[CheckoutActivity]( 7126): visibilityChanged oldVisibility=true newVisibility=false
W/WindowOnBackDispatcher( 7126): sendCancelIfRunning: isInProgress=false callback=android.view.ViewRootImpl$$ExternalSyntheticLambda13@8b91e45
D/ViewRootImpl( 7126): Skipping stats log for color mode
D/InsetsController( 7126): hide(ime(), fromIme=false)
I/ImeTracker( 7126): com.solegoes.solegoes_app:51707a87: onCancelled at PHASE_CLIENT_ALREADY_HIDDEN
I/es.solegoes_app( 7126): AssetManager2(0xb4000078cd35ad38) locale list changing from [] to [en-US]
W/WindowOnBackDispatcher( 7126): OnBackInvokedCallback is not enabled for the application.
W/WindowOnBackDispatcher( 7126): Set 'android:enableOnBackInvokedCallback="true"' in the application manifest.
W/WindowOnBackDispatcher( 7126): OnBackInvokedCallback is not enabled for the application.
W/WindowOnBackDispatcher( 7126): Set 'android:enableOnBackInvokedCallback="true"' in the application manifest.
W/es.solegoes_app( 7126): Cleared Reference was only reachable from finalizer (only reported once)
W/WindowOnBackDispatcher( 7126): OnBackInvokedCallback is not enabled for the application.
W/WindowOnBackDispatcher( 7126): Set 'android:enableOnBackInvokedCallback="true"' in the application manifest.
W/WindowOnBackDispatcher( 7126): OnBackInvokedCallback is not enabled for the application.
W/WindowOnBackDispatcher( 7126): Set 'android:enableOnBackInvokedCallback="true"' in the application manifest.

Performing hot restart...                                       
Restarted application in 1,059ms.
E/flutter ( 7126): [ERROR:flutter/runtime/dart_vm_initializer.cc(40)] Unhandled Exception: Bad state: The provider authStateChangesProvider was disposed during loading state, yet no value could be emitted.
E/flutter ( 7126): #0      ElementWithFuture.dispose (package:riverpod/src/core/element.dart:329:70)
E/flutter ( 7126): #1      $StreamProviderElement.dispose (package:riverpod/src/providers/stream_provider.dart:163:11)
E/flutter ( 7126): #2      ProviderContainer._disposeProvider (package:riverpod/src/core/provider_container.dart:1023:22)
E/flutter ( 7126): #3      ProviderScheduler._performDispose (package:riverpod/src/core/scheduler.dart:172:27)
E/flutter ( 7126): #4      ProviderScheduler._task (package:riverpod/src/core/scheduler.dart:107:5)
E/flutter ( 7126): #5      Task.call (package:riverpod/src/core/scheduler.dart:14:16)
E/flutter ( 7126): #6      _UncontrolledProviderScopeState._callTask (package:flutter_riverpod/src/core/provider_scope.dart:292:11)
E/flutter ( 7126): #7      _UncontrolledProviderScopeState._flutterVsync.<anonymous closure>.<anonymous closure> (package:flutter_riverpod/src/core/provider_scope.dart:324:9)
E/flutter ( 7126): #8      Timer._createTimer.<anonymous closure> (dart:async-patch/timer_patch.dart:18:15)
E/flutter ( 7126): #9      _Timer._runTimers (dart:isolate-patch/timer_impl.dart:410:19)
E/flutter ( 7126): #10     _Timer._handleMessage (dart:isolate-patch/timer_impl.dart:441:5)
E/flutter ( 7126): #11     _RawReceivePort._handleMessage (dart:isolate-patch/isolate_patch.dart:193:12)
E/flutter ( 7126): 
I/es.solegoes_app( 7126): AssetManager2(0xb4000078cd39efd8) locale list changing from [] to [en-US]
W/WindowOnBackDispatcher( 7126): OnBackInvokedCallback is not enabled for the application.
W/WindowOnBackDispatcher( 7126): Set 'android:enableOnBackInvokedCallback="true"' in the application manifest.
W/WindowOnBackDispatcher( 7126): OnBackInvokedCallback is not enabled for the application.
W/WindowOnBackDispatcher( 7126): Set 'android:enableOnBackInvokedCallback="true"' in the application manifest.
W/WindowOnBackDispatcher( 7126): OnBackInvokedCallback is not enabled for the application.
W/WindowOnBackDispatcher( 7126): Set 'android:enableOnBackInvokedCallback="true"' in the application manifest.
W/WindowOnBackDispatcher( 7126): OnBackInvokedCallback is not enabled for the application.
W/WindowOnBackDispatcher( 7126): Set 'android:enableOnBackInvokedCallback="true"' in the application manifest.
D/InsetsController( 7126): hide(ime(), fromIme=false)
I/ImeTracker( 7126): com.solegoes.solegoes_app:c388b964: onCancelled at PHASE_CLIENT_ALREADY_HIDDEN
E/com.razorpay.checkout( 7126): Webview JS Error: Refused to get unsafe header "x-rtb-fingerprint-id"
I/chromium( 7126): [INFO:CONSOLE:1] "Refused to get unsafe header "x-rtb-fingerprint-id"", source: https://checkout.razorpay.com/v1/v2-entry.modern.js (1)
W/cr_VibrationManager( 7126): Failed to use vibrate API, requires VIBRATE permission.
I/flutter ( 7126): Payment Error: 2 - undefined
I/flutter ( 7126): Razorpay Error - Code: 2, Message: undefined
D/VRI[CheckoutActivity]( 7126): visibilityChanged oldVisibility=true newVisibility=false
W/WindowOnBackDispatcher( 7126): sendCancelIfRunning: isInProgress=false callback=android.view.ViewRootImpl$$ExternalSyntheticLambda13@3d1540f
D/ViewRootImpl( 7126): Skipping stats log for color mode
D/InsetsController( 7126): hide(ime(), fromIme=false)
I/ImeTracker( 7126): com.solegoes.solegoes_app:1fd4cb71: onCancelled at PHASE_CLIENT_ALREADY_HIDDEN

Performing hot restart...                                       
Restarted application in 4,176ms.
E/flutter ( 7126): [ERROR:flutter/runtime/dart_vm_initializer.cc(40)] Unhandled Exception: Bad state: The provider authStateChangesProvider was disposed during loading state, yet no value could be emitted.
E/flutter ( 7126): #0      ElementWithFuture.dispose (package:riverpod/src/core/element.dart:329:70)
E/flutter ( 7126): #1      $StreamProviderElement.dispose (package:riverpod/src/providers/stream_provider.dart:163:11)
E/flutter ( 7126): #2      ProviderContainer._disposeProvider (package:riverpod/src/core/provider_container.dart:1023:22)
E/flutter ( 7126): #3      ProviderScheduler._performDispose (package:riverpod/src/core/scheduler.dart:172:27)
E/flutter ( 7126): #4      ProviderScheduler._task (package:riverpod/src/core/scheduler.dart:107:5)
E/flutter ( 7126): #5      Task.call (package:riverpod/src/core/scheduler.dart:14:16)
E/flutter ( 7126): #6      _UncontrolledProviderScopeState._callTask (package:flutter_riverpod/src/core/provider_scope.dart:292:11)
E/flutter ( 7126): #7      _UncontrolledProviderScopeState._flutterVsync.<anonymous closure>.<anonymous closure> (package:flutter_riverpod/src/core/provider_scope.dart:324:9)
E/flutter ( 7126): #8      Timer._createTimer.<anonymous closure> (dart:async-patch/timer_patch.dart:18:15)
E/flutter ( 7126): #9      _Timer._runTimers (dart:isolate-patch/timer_impl.dart:410:19)
E/flutter ( 7126): #10     _Timer._handleMessage (dart:isolate-patch/timer_impl.dart:441:5)
E/flutter ( 7126): #11     _RawReceivePort._handleMessage (dart:isolate-patch/isolate_patch.dart:193:12)
E/flutter ( 7126): 
I/es.solegoes_app( 7126): AssetManager2(0xb4000078cd3aecf8) locale list changing from [] to [en-US]
W/WindowOnBackDispatcher( 7126): OnBackInvokedCallback is not enabled for the application.
W/WindowOnBackDispatcher( 7126): Set 'android:enableOnBackInvokedCallback="true"' in the application manifest.
W/WindowOnBackDispatcher( 7126): OnBackInvokedCallback is not enabled for the application.
W/WindowOnBackDispatcher( 7126): Set 'android:enableOnBackInvokedCallback="true"' in the application manifest.
W/WindowOnBackDispatcher( 7126): OnBackInvokedCallback is not enabled for the application.
W/WindowOnBackDispatcher( 7126): Set 'android:enableOnBackInvokedCallback="true"' in the application manifest.
W/WindowOnBackDispatcher( 7126): OnBackInvokedCallback is not enabled for the application.
W/WindowOnBackDispatcher( 7126): Set 'android:enableOnBackInvokedCallback="true"' in the application manifest.
D/InsetsController( 7126): hide(ime(), fromIme=false)
I/ImeTracker( 7126): com.solegoes.solegoes_app:ffb5414d: onCancelled at PHASE_CLIENT_ALREADY_HIDDEN
E/com.razorpay.checkout( 7126): Webview JS Error: Refused to get unsafe header "x-rtb-fingerprint-id"
I/chromium( 7126): [INFO:CONSOLE:1] "Refused to get unsafe header "x-rtb-fingerprint-id"", source: https://checkout.razorpay.com/v1/v2-entry.modern.js (1)
W/cr_VibrationManager( 7126): Failed to use vibrate API, requires VIBRATE permission.
I/flutter ( 7126): Payment Error: 2 - undefined
I/flutter ( 7126): Razorpay Error - Code: 2, Message: undefined
D/VRI[CheckoutActivity]( 7126): visibilityChanged oldVisibility=true newVisibility=false
W/WindowOnBackDispatcher( 7126): sendCancelIfRunning: isInProgress=false callback=android.view.ViewRootImpl$$ExternalSyntheticLambda13@949334d
D/ViewRootImpl( 7126): Skipping stats log for color mode
D/InsetsController( 7126): hide(ime(), fromIme=false)
I/ImeTracker( 7126): com.solegoes.solegoes_app:cf9f9274: onCancelled at PHASE_CLIENT_ALREADY_HIDDEN
W/System  ( 7126): Ignoring header X-Firebase-Locale because its value was null.
D/FirebaseAuth( 7126): Notifying id token listeners about user ( 0AIy8cU4T6M29HU2eEbuovYeOP42 ).
W/System  ( 7126): Ignoring header X-Firebase-Locale because its value was null.
D/FirebaseAuth( 7126): Notifying id token listeners about user ( 0AIy8cU4T6M29HU2eEbuovYeOP42 ).
W/es.solegoes_app( 7126): Reducing the number of considered missed Gc histogram windows from 582 to 100
W/System  ( 7126): Ignoring header X-Firebase-Locale because its value was null.
D/FirebaseAuth( 7126): Notifying id token listeners about user ( 0AIy8cU4T6M29HU2eEbuovYeOP42 ).
W/WindowOnBackDispatcher( 7126): OnBackInvokedCallback is not enabled for the application.
W/WindowOnBackDispatcher( 7126): Set 'android:enableOnBackInvokedCallback="true"' in the application manifest.
W/WindowOnBackDispatcher( 7126): OnBackInvokedCallback is not enabled for the application.
W/WindowOnBackDispatcher( 7126): Set 'android:enableOnBackInvokedCallback="true"' in the application manifest.
W/System  ( 7126): Ignoring header X-Firebase-Locale because its value was null.
D/FirebaseAuth( 7126): Notifying id token listeners about user ( 0AIy8cU4T6M29HU2eEbuovYeOP42 ).
W/es.solegoes_app( 7126): Reducing the number of considered missed Gc histogram windows from 616 to 100
W/System  ( 7126): Ignoring header X-Firebase-Locale because its value was null.
D/FirebaseAuth( 7126): Notifying id token listeners about user ( 0AIy8cU4T6M29HU2eEbuovYeOP42 ).
W/System  ( 7126): Ignoring header X-Firebase-Locale because its value was null.
D/FirebaseAuth( 7126): Notifying id token listeners about user ( 0AIy8cU4T6M29HU2eEbuovYeOP42 ).
I/es.solegoes_app( 7126): Background concurrent mark compact GC freed 6853KB AllocSpace bytes, 6(248KB) LOS objects, 49% free, 6800KB/13MB, paused 786us,9.939ms total 115.195ms
W/es.solegoes_app( 7126): Reducing the number of considered missed Gc histogram windows from 749 to 100
W/System  ( 7126): Ignoring header X-Firebase-Locale because its value was null.
D/FirebaseAuth( 7126): Notifying id token listeners about user ( 0AIy8cU4T6M29HU2eEbuovYeOP42 ).
W/System  ( 7126): Ignoring header X-Firebase-Locale because its value was null.
D/FirebaseAuth( 7126): Notifying id token listeners about user ( 0AIy8cU4T6M29HU2eEbuovYeOP42 ).
W/System  ( 7126): Ignoring header X-Firebase-Locale because its value was null.
D/FirebaseAuth( 7126): Notifying id token listeners about user ( 0AIy8cU4T6M29HU2eEbuovYeOP42 ).
I/es.solegoes_app( 7126): Waiting for a blocking GC ProfileSaver
I/es.solegoes_app( 7126): Background concurrent mark compact GC freed 6483KB AllocSpace bytes, 9(372KB) LOS objects, 49% free, 6848KB/13MB, paused 878us,4.275ms total 113.901ms
W/es.solegoes_app( 7126): Reducing the number of considered missed Gc histogram windows from 918 to 100
I/es.solegoes_app( 7126): WaitForGcToComplete blocked ProfileSaver on Background for 67.380ms
W/System  ( 7126): Ignoring header X-Firebase-Locale because its value was null.
D/FirebaseAuth( 7126): Notifying id token listeners about user ( 0AIy8cU4T6M29HU2eEbuovYeOP42 ).
W/System  ( 7126): Ignoring header X-Firebase-Locale because its value was null.
D/FirebaseAuth( 7126): Notifying id token listeners about user ( 0AIy8cU4T6M29HU2eEbuovYeOP42 ).
I/es.solegoes_app( 7126): Background concurrent mark compact GC freed 6401KB AllocSpace bytes, 6(248KB) LOS objects, 49% free, 6832KB/13MB, paused 493us,4.723ms total 113.480ms
W/es.solegoes_app( 7126): Reducing the number of considered missed Gc histogram windows from 637 to 100
W/System  ( 7126): Ignoring header X-Firebase-Locale because its value was null.
D/FirebaseAuth( 7126): Notifying id token listeners about user ( 0AIy8cU4T6M29HU2eEbuovYeOP42 ).
W/es.solegoes_app( 7126): Reducing the number of considered missed Gc histogram windows from 589 to 100
W/System  ( 7126): Ignoring header X-Firebase-Locale because its value was null.
D/FirebaseAuth( 7126): Notifying id token listeners about user ( 0AIy8cU4T6M29HU2eEbuovYeOP42 ).
W/System  ( 7126): Ignoring header X-Firebase-Locale because its value was null.
D/FirebaseAuth( 7126): Notifying id token listeners about user ( 0AIy8cU4T6M29HU2eEbuovYeOP42 ).
W/System  ( 7126): Ignoring header X-Firebase-Locale because its value was null.
D/FirebaseAuth( 7126): Notifying id token listeners about user ( 0AIy8cU4T6M29HU2eEbuovYeOP42 ).
I/es.solegoes_app( 7126): Waiting for a blocking GC ProfileSaver
W/es.solegoes_app( 7126): Reducing the number of considered missed Gc histogram windows from 704 to 100
I/es.solegoes_app( 7126): WaitForGcToComplete blocked ProfileSaver on Background for 64.942ms
W/System  ( 7126): Ignoring header X-Firebase-Locale because its value was null.
D/FirebaseAuth( 7126): Notifying id token listeners about user ( 0AIy8cU4T6M29HU2eEbuovYeOP42 ).
W/es.solegoes_app( 7126): Reducing the number of considered missed Gc histogram windows from 618 to 100
W/System  ( 7126): Ignoring header X-Firebase-Locale because its value was null.
D/FirebaseAuth( 7126): Notifying id token listeners about user ( 0AIy8cU4T6M29HU2eEbuovYeOP42 ).
W/System  ( 7126): Ignoring header X-Firebase-Locale because its value was null.
D/FirebaseAuth( 7126): Notifying id token listeners about user ( 0AIy8cU4T6M29HU2eEbuovYeOP42 ).
W/WindowOnBackDispatcher( 7126): OnBackInvokedCallback is not enabled for the application.
W/WindowOnBackDispatcher( 7126): Set 'android:enableOnBackInvokedCallback="true"' in the application manifest.
W/WindowOnBackDispatcher( 7126): OnBackInvokedCallback is not enabled for the application.
W/WindowOnBackDispatcher( 7126): Set 'android:enableOnBackInvokedCallback="true"' in the application manifest.
W/es.solegoes_app( 7126): Reducing the number of considered missed Gc histogram windows from 401 to 100
D/InsetsController( 7126): hide(ime(), fromIme=false)
I/ImeTracker( 7126): com.solegoes.solegoes_app:39cae061: onCancelled at PHASE_CLIENT_ALREADY_HIDDEN
E/com.razorpay.checkout( 7126): Webview JS Error: Refused to get unsafe header "x-rtb-fingerprint-id"
I/chromium( 7126): [INFO:CONSOLE:1] "Refused to get unsafe header "x-rtb-fingerprint-id"", source: https://checkout.razorpay.com/v1/v2-entry.modern.js (1)
W/cr_VibrationManager( 7126): Failed to use vibrate API, requires VIBRATE permission.
I/flutter ( 7126): Payment Error: 2 - undefined
I/flutter ( 7126): Razorpay Error - Code: 2, Message: undefined
D/VRI[CheckoutActivity]( 7126): visibilityChanged oldVisibility=true newVisibility=false
W/WindowOnBackDispatcher( 7126): sendCancelIfRunning: isInProgress=false callback=android.view.ViewRootImpl$$ExternalSyntheticLambda13@864a5f9
D/ViewRootImpl( 7126): Skipping stats log for color mode
D/InsetsController( 7126): hide(ime(), fromIme=false)
I/ImeTracker( 7126): com.solegoes.solegoes_app:7649b5c9: onCancelled at PHASE_CLIENT_ALREADY_HIDDEN
W/WindowOnBackDispatcher( 7126): OnBackInvokedCallback is not enabled for the application.
W/WindowOnBackDispatcher( 7126): Set 'android:enableOnBackInvokedCallback="true"' in the application manifest.
W/WindowOnBackDispatcher( 7126): OnBackInvokedCallback is not enabled for the application.
W/WindowOnBackDispatcher( 7126): Set 'android:enableOnBackInvokedCallback="true"' in the application manifest.
W/WindowOnBackDispatcher( 7126): OnBackInvokedCallback is not enabled for the application.
W/WindowOnBackDispatcher( 7126): Set 'android:enableOnBackInvokedCallback="true"' in the application manifest.
D/InsetsController( 7126): hide(ime(), fromIme=false)
I/ImeTracker( 7126): com.solegoes.solegoes_app:f36321c9: onCancelled at PHASE_CLIENT_ALREADY_HIDDEN
E/com.razorpay.checkout( 7126): Webview JS Error: Refused to get unsafe header "x-rtb-fingerprint-id"
I/chromium( 7126): [INFO:CONSOLE:1] "Refused to get unsafe header "x-rtb-fingerprint-id"", source: https://checkout.razorpay.com/v1/v2-entry.modern.js (1)
W/cr_media( 7126): Requires MODIFY_AUDIO_SETTINGS and RECORD_AUDIO. No audio device will be available for recording
W/cr_VibrationManager( 7126): Failed to use vibrate API, requires VIBRATE permission.
I/flutter ( 7126): Payment Error: 2 - undefined
I/flutter ( 7126): Razorpay Error - Code: 2, Message: undefined
D/VRI[CheckoutActivity]( 7126): visibilityChanged oldVisibility=true newVisibility=false
W/WindowOnBackDispatcher( 7126): sendCancelIfRunning: isInProgress=false callback=android.view.ViewRootImpl$$ExternalSyntheticLambda13@5865185
D/ViewRootImpl( 7126): Skipping stats log for color mode
D/InsetsController( 7126): hide(ime(), fromIme=false)
I/ImeTracker( 7126): com.solegoes.solegoes_app:8bea2622: onCancelled at PHASE_CLIENT_ALREADY_HIDDEN

Performing hot reload...                                        
lib/src/features/bookings/presentation/trip_booking_screen.dart:1092:1: Error: Expected a declaration, but got '}'.
}
^
Try again after fixing the above error(s).

Performing hot reload...                                        
Reloaded 3 of 2771 libraries in 702ms (compile: 30 ms, reload: 296 ms, reassemble: 340 ms).
D/InsetsController( 7126): hide(ime(), fromIme=false)
I/ImeTracker( 7126): com.solegoes.solegoes_app:a33d9de7: onCancelled at PHASE_CLIENT_ALREADY_HIDDEN
E/com.razorpay.checkout( 7126): Webview JS Error: Refused to get unsafe header "x-rtb-fingerprint-id"
I/chromium( 7126): [INFO:CONSOLE:1] "Refused to get unsafe header "x-rtb-fingerprint-id"", source: https://checkout.razorpay.com/v1/v2-entry.modern.js (1)
W/cr_VibrationManager( 7126): Failed to use vibrate API, requires VIBRATE permission.
I/flutter ( 7126): Payment Error: 2 - undefined
I/flutter ( 7126): Razorpay Error - Code: 2, Message: undefined
I/flutter ( 7126): isCancelled: true, errorCode: 2, NETWORK_ERROR: 0
I/flutter ( 7126): Showing cancellation snackbar
D/VRI[CheckoutActivity]( 7126): visibilityChanged oldVisibility=true newVisibility=false
W/WindowOnBackDispatcher( 7126): sendCancelIfRunning: isInProgress=false callback=android.view.ViewRootImpl$$ExternalSyntheticLambda13@119219b
D/ViewRootImpl( 7126): Skipping stats log for color mode
D/InsetsController( 7126): hide(ime(), fromIme=false)
I/ImeTracker( 7126): com.solegoes.solegoes_app:d5a32b92: onCancelled at PHASE_CLIENT_ALREADY_HIDDEN
D/InsetsController( 7126): hide(ime(), fromIme=false)
I/ImeTracker( 7126): com.solegoes.solegoes_app:ec503810: onCancelled at PHASE_CLIENT_ALREADY_HIDDEN
E/com.razorpay.checkout( 7126): Webview JS Error: Refused to get unsafe header "x-rtb-fingerprint-id"
I/chromium( 7126): [INFO:CONSOLE:1] "Refused to get unsafe header "x-rtb-fingerprint-id"", source: https://checkout.razorpay.com/v1/v2-entry.modern.js (1)
W/cr_VibrationManager( 7126): Failed to use vibrate API, requires VIBRATE permission.
I/flutter ( 7126): Payment Error: 2 - undefined
I/flutter ( 7126): Razorpay Error - Code: 2, Message: undefined
I/flutter ( 7126): isCancelled: true, errorCode: 2, NETWORK_ERROR: 0
I/flutter ( 7126): Showing cancellation snackbar
D/VRI[CheckoutActivity]( 7126): visibilityChanged oldVisibility=true newVisibility=false
W/WindowOnBackDispatcher( 7126): sendCancelIfRunning: isInProgress=false callback=android.view.ViewRootImpl$$ExternalSyntheticLambda13@5453ec5
D/ViewRootImpl( 7126): Skipping stats log for color mode
D/InsetsController( 7126): hide(ime(), fromIme=false)
I/ImeTracker( 7126): com.solegoes.solegoes_app:21d4225: onCancelled at PHASE_CLIENT_ALREADY_HIDDEN
W/WindowOnBackDispatcher( 7126): OnBackInvokedCallback is not enabled for the application.
W/WindowOnBackDispatcher( 7126): Set 'android:enableOnBackInvokedCallback="true"' in the application manifest.

Performing hot reload...                                        
lib/src/features/authentication/presentation/login_screen.dart:113:45: Error: Method invocation is not a constant expression.
                    style: AppTextStyles.h2.copyWith(color: AppColors.textPrimary),
                                            ^^^^^^^^
lib/src/features/authentication/presentation/login_screen.dart:167:57: Error: Method invocation is not a constant expression.
                        style: AppTextStyles.labelLarge.copyWith(color: AppColors.primary),
                                                        ^^^^^^^^
lib/src/features/authentication/presentation/login_screen.dart:341:45: Error: Couldn't find constructor 'AppTextStyles.labelLarge.copyWith'.
      style: const AppTextStyles.labelLarge.copyWith(color: AppColors.textPrimary),
                                            ^^^^^^^^
lib/src/features/authentication/presentation/login_screen.dart:363:41: Error: Couldn't find constructor 'AppTextStyles.body.copyWith'.
        style: const AppTextStyles.body.copyWith(color: AppColors.textPrimary),
                                        ^^^^^^^^
lib/src/features/authentication/presentation/login_screen.dart:497:45: Error: Couldn't find constructor 'AppTextStyles.h5.copyWith'.
              style: const AppTextStyles.h5.copyWith(color: AppColors.textPrimary),
                                            ^^^^^^^^
lib/src/features/authentication/presentation/phone_collection_screen.dart:138:41: Error: Method invocation is not a constant expression.
                style: AppTextStyles.h2.copyWith(color: AppColors.textPrimary),
                                        ^^^^^^^^
lib/src/features/authentication/presentation/phone_collection_screen.dart:154:49: Error: Method invocation is not a constant expression.
                style: AppTextStyles.labelLarge.copyWith(color: AppColors.textPrimary),
                                                ^^^^^^^^
lib/src/features/authentication/presentation/phone_collection_screen.dart:410:66: Error: Couldn't find constructor 'AppTextStyles.bodyLarge.copyWith'.
                            style: const AppTextStyles.bodyLarge.copyWith(color: AppColors.textPrimary),
                                                                 ^^^^^^^^
lib/src/features/authentication/presentation/preferences_screen.dart:183:45: Error: Method invocation is not a constant expression.
                    style: AppTextStyles.h2.copyWith(color: AppColors.textPrimary),
                                            ^^^^^^^^
lib/src/features/authentication/presentation/preferences_screen.dart:399:51: Error: Couldn't find constructor 'AppTextStyles.h5.copyWith'.
                    style: const AppTextStyles.h5.copyWith(color: AppColors.textPrimary),
                                                  ^^^^^^^^
lib/src/features/authentication/presentation/profile_setup_screen.dart:209:47: Error: Method invocation is not a constant expression.
                      style: AppTextStyles.h2.copyWith(color: AppColors.textPrimary),
                                              ^^^^^^^^
lib/src/features/authentication/presentation/profile_setup_screen.dart:479:49: Error: Couldn't find constructor 'AppTextStyles.labelLarge.copyWith'.
          style: const AppTextStyles.labelLarge.copyWith(color: AppColors.textPrimary),
                                                ^^^^^^^^
lib/src/features/authentication/presentation/profile_setup_screen.dart:484:45: Error: Method invocation is not a constant expression.
            style: AppTextStyles.labelLarge.copyWith(color: AppColors.accentRose),
                                            ^^^^^^^^
lib/src/features/authentication/presentation/profile_setup_screen.dart:503:41: Error: Couldn't find constructor 'AppTextStyles.body.copyWith'.
        style: const AppTextStyles.body.copyWith(color: AppColors.textPrimary),
                                        ^^^^^^^^
lib/src/features/authentication/presentation/profile_setup_screen.dart:629:41: Error: Couldn't find constructor 'AppTextStyles.body.copyWith'.
        style: const AppTextStyles.body.copyWith(color: AppColors.textPrimary),
                                        ^^^^^^^^
lib/src/features/authentication/presentation/signup_screen.dart:137:45: Error: Method invocation is not a constant expression.
                    style: AppTextStyles.h2.copyWith(color: AppColors.textPrimary),
                                            ^^^^^^^^
lib/src/features/authentication/presentation/signup_screen.dart:388:45: Error: Couldn't find constructor 'AppTextStyles.labelLarge.copyWith'.
      style: const AppTextStyles.labelLarge.copyWith(color: AppColors.textPrimary),
                                            ^^^^^^^^
lib/src/features/authentication/presentation/signup_screen.dart:410:41: Error: Couldn't find constructor 'AppTextStyles.body.copyWith'.
        style: const AppTextStyles.body.copyWith(color: AppColors.textPrimary),
                                        ^^^^^^^^
lib/src/features/authentication/presentation/signup_screen.dart:484:47: Error: Couldn't find constructor 'AppTextStyles.body.copyWith'.
              style: const AppTextStyles.body.copyWith(color: AppColors.textPrimary),
                                              ^^^^^^^^
lib/src/features/authentication/presentation/signup_screen.dart:669:45: Error: Couldn't find constructor 'AppTextStyles.h5.copyWith'.
              style: const AppTextStyles.h5.copyWith(color: AppColors.textPrimary),
                                            ^^^^^^^^
lib/src/features/chat/presentation/chat_list_screen.dart:203:57: Error: Couldn't find constructor 'AppTextStyles.h5.copyWith'.
                          style: const AppTextStyles.h5.copyWith(color: Colors.white),
                                                        ^^^^^^^^
lib/src/features/demo/presentation/design_demo_screen.dart:84:43: Error: Method invocation is not a constant expression.
                  style: AppTextStyles.h2.copyWith(color: Colors.white),
                                          ^^^^^^^^
lib/src/features/demo/presentation/design_demo_screen.dart:450:45: Error: Couldn't find constructor 'AppTextStyles.h2.copyWith'.
              style: const AppTextStyles.h2.copyWith(color: AppColors.textPrimary),
                                            ^^^^^^^^
lib/src/features/explore/presentation/explore_screen.dart:42:39: Error: Method invocation is not a constant expression.
              style: AppTextStyles.h2.copyWith(color: Colors.white),
                                      ^^^^^^^^
lib/src/features/explore/presentation/explore_screen.dart:371:61: Error: Couldn't find constructor 'AppTextStyles.h2.copyWith'.
                              style: const AppTextStyles.h2.copyWith(color: Colors.white),
                                                            ^^^^^^^^
lib/src/features/explore/presentation/explore_screen.dart:511:55: Error: Couldn't find constructor 'AppTextStyles.h5.copyWith'.
                        style: const AppTextStyles.h5.copyWith(color: Colors.white),
                                                      ^^^^^^^^
lib/src/features/home/presentation/widgets/trip_card.dart:131:51: Error: Couldn't find constructor 'AppTextStyles.h5.copyWith'.
                    style: const AppTextStyles.h5.copyWith(color: AppColors.textPrimary),
                                                  ^^^^^^^^
lib/src/features/home/presentation/widgets/trip_card.dart:154:55: Error: Couldn't find constructor 'AppTextStyles.h5.copyWith'.
                        style: const AppTextStyles.h5.copyWith(color: AppColors.textPrimary),
                                                      ^^^^^^^^
lib/src/features/onboarding/presentation/onboarding_screen.dart:506:43: Error: Method invocation is not a constant expression.
          style: AppTextStyles.bodyMedium.copyWith(color: AppColors.textTertiary),
                                          ^^^^^^^^
lib/src/features/payments/presentation/payment_confirmation_screen.dart:693:43: Error: Method invocation is not a constant expression.
                  style: AppTextStyles.h2.copyWith(color: Colors.white),
                                          ^^^^^^^^
lib/src/features/payments/presentation/payment_confirmation_screen.dart:1154:39: Error: Method invocation is not a constant expression.
              style: AppTextStyles.h5.copyWith(color: Colors.white),
                                      ^^^^^^^^
lib/src/features/payments/presentation/payment_method_screen.dart:233:53: Error: Method invocation is not a constant expression.
                            style: AppTextStyles.h2.copyWith(color: Colors.white),
                                                    ^^^^^^^^
lib/src/features/payments/presentation/payment_method_screen.dart:411:47: Error: Couldn't find constructor 'AppTextStyles.h5.copyWith'.
                style: const AppTextStyles.h5.copyWith(color: Colors.white),
                                              ^^^^^^^^
lib/src/features/payments/presentation/payment_method_screen.dart:483:49: Error: Couldn't find constructor 'AppTextStyles.h2.copyWith'.
                  style: const AppTextStyles.h2.copyWith(color: Colors.white),
                                                ^^^^^^^^
lib/src/features/profile/presentation/edit_profile_screen.dart:241:61: Error: Couldn't find constructor 'AppTextStyles.h1.copyWith'.
                              style: const AppTextStyles.h1.copyWith(color: Colors.white),
                                                            ^^^^^^^^
lib/src/features/profile/presentation/edit_profile_screen.dart:249:57: Error: Couldn't find constructor 'AppTextStyles.h1.copyWith'.
                          style: const AppTextStyles.h1.copyWith(color: Colors.white),
                                                        ^^^^^^^^
lib/src/features/profile/presentation/profile_screen.dart:175:43: Error: Couldn't find constructor 'AppTextStyles.h2.copyWith'.
            style: const AppTextStyles.h2.copyWith(color: Colors.white),
                                          ^^^^^^^^
lib/src/features/profile/presentation/profile_screen.dart:223:43: Error: Couldn't find constructor 'AppTextStyles.h2.copyWith'.
            style: const AppTextStyles.h2.copyWith(color: Colors.white),
                                          ^^^^^^^^
lib/src/features/profile/presentation/settings_screen.dart:251:54: Error: Couldn't find constructor 'AppTextStyles.bodyLarge.copyWith'.
                style: const AppTextStyles.bodyLarge.copyWith(color: Colors.white),
                                                     ^^^^^^^^
lib/src/features/profile/presentation/settings_screen.dart:296:52: Error: Couldn't find constructor 'AppTextStyles.bodyLarge.copyWith'.
              style: const AppTextStyles.bodyLarge.copyWith(color: Colors.white),
                                                   ^^^^^^^^
lib/src/features/profile/presentation/settings_screen.dart:343:52: Error: Couldn't find constructor 'AppTextStyles.bodyLarge.copyWith'.
              style: const AppTextStyles.bodyLarge.copyWith(color: Colors.white),
                                                   ^^^^^^^^
lib/src/features/profile/presentation/settings_screen.dart:405:54: Error: Couldn't find constructor 'AppTextStyles.bodyLarge.copyWith'.
                style: const AppTextStyles.bodyLarge.copyWith(color: AppColors.accentRose),
                                                     ^^^^^^^^
lib/src/features/trips/presentation/my_trips_screen.dart:187:53: Error: Expected '(' after this.
          unselectedLabelStyle: const AppTextStyles.bodyMedium,
                                                    ^^^^^^^^^^
lib/src/features/trips/presentation/my_trips_screen.dart:187:53: Error: Couldn't find constructor 'AppTextStyles.bodyMedium'.
          unselectedLabelStyle: const AppTextStyles.bodyMedium,
                                                    ^^^^^^^^^^
lib/src/features/trips/presentation/my_trips_screen.dart:446:49: Error: Method invocation is not a constant expression.
                style: AppTextStyles.labelLarge.copyWith(color: Colors.white),
                                                ^^^^^^^^
lib/src/features/trips/presentation/my_trips_screen.dart:476:49: Error: Method invocation is not a constant expression.
                style: AppTextStyles.labelLarge.copyWith(color: Colors.white),
                                                ^^^^^^^^
lib/src/features/trips/presentation/my_trips_screen.dart:501:49: Error: Method invocation is not a constant expression.
                style: AppTextStyles.labelLarge.copyWith(color: Colors.white),
                                                ^^^^^^^^
lib/src/features/trips/presentation/my_trips_screen.dart:523:51: Error: Method invocation is not a constant expression.
                  style: AppTextStyles.labelLarge.copyWith(color: Colors.white),
                                                  ^^^^^^^^
lib/src/features/trips/presentation/my_trips_screen.dart:590:51: Error: Couldn't find constructor 'AppTextStyles.h5.copyWith'.
                    style: const AppTextStyles.h5.copyWith(color: Colors.white),
                                                  ^^^^^^^^
lib/src/features/trips/presentation/trip_detail_screen.dart:399:51: Error: Couldn't find constructor 'AppTextStyles.h5.copyWith'.
                    style: const AppTextStyles.h5.copyWith(color: Colors.white),
                                                  ^^^^^^^^
lib/src/features/trips/presentation/trip_detail_screen.dart:502:51: Error: Couldn't find constructor 'AppTextStyles.h2.copyWith'.
                    style: const AppTextStyles.h2.copyWith(color: Colors.white),
                                                  ^^^^^^^^
lib/src/features/trips/presentation/trip_detail_screen.dart:526:51: Error: Couldn't find constructor 'AppTextStyles.h2.copyWith'.
                    style: const AppTextStyles.h2.copyWith(color: Colors.white),
                                                  ^^^^^^^^
lib/src/features/trips/presentation/trip_detail_screen.dart:550:45: Error: Method invocation is not a constant expression.
                    style: AppTextStyles.h2.copyWith(color: Colors.white),
                                            ^^^^^^^^
lib/src/features/trips/presentation/trip_detail_screen.dart:665:55: Error: Method invocation is not a constant expression.
                      style: AppTextStyles.labelLarge.copyWith(color: Colors.white),
                                                      ^^^^^^^^
lib/src/features/trips/presentation/trip_detail_screen.dart:972:57: Error: Method invocation is not a constant expression.
                        style: AppTextStyles.labelSmall.copyWith(color: Colors.white),
                                                        ^^^^^^^^
lib/src/features/trips/presentation/trip_detail_screen.dart:1205:67: Error: Method invocation is not a constant expression.
                                  style: AppTextStyles.labelSmall.copyWith(color: const Color(0xFF22C55E)),
                                                                  ^^^^^^^^
lib/src/features/trips/presentation/trip_detail_screen.dart:1244:55: Error: Method invocation is not a constant expression.
                      style: AppTextStyles.labelLarge.copyWith(color: Colors.white),
                                                      ^^^^^^^^
lib/src/features/trips/presentation/trip_detail_screen.dart:1310:59: Error: Method invocation is not a constant expression.
                          style: AppTextStyles.bodyMedium.copyWith(color: Colors.white),
                                                          ^^^^^^^^
lib/src/features/trips/presentation/trip_detail_screen.dart:1595:49: Error: Method invocation is not a constant expression.
                        style: AppTextStyles.h5.copyWith(color: Colors.white),
                                                ^^^^^^^^
lib/src/features/bookings/presentation/trip_booking_screen.dart:285:35: Error: Method invocation is not a constant expression.
          style: AppTextStyles.h2.copyWith(color: AppColors.textPrimary),
                                  ^^^^^^^^
lib/src/features/bookings/presentation/trip_booking_screen.dart:464:35: Error: Method invocation is not a constant expression.
          style: AppTextStyles.h2.copyWith(color: AppColors.textPrimary),
                                  ^^^^^^^^
lib/src/features/bookings/presentation/trip_booking_screen.dart:491:35: Error: Method invocation is not a constant expression.
          style: AppTextStyles.h2.copyWith(color: AppColors.textPrimary),
                                  ^^^^^^^^
lib/src/features/bookings/presentation/trip_booking_screen.dart:605:35: Error: Method invocation is not a constant expression.
          style: AppTextStyles.h2.copyWith(color: AppColors.textPrimary),
                                  ^^^^^^^^
lib/src/features/bookings/presentation/trip_booking_screen.dart:756:47: Error: Couldn't find constructor 'AppTextStyles.h5.copyWith'.
                style: const AppTextStyles.h5.copyWith(color: Colors.white),
                                              ^^^^^^^^
Try again after fixing the above error(s).

Performing hot reload...                                        
lib/src/features/onboarding/presentation/onboarding_screen.dart:506:43: Error: Method invocation is not a constant expression.
          style: AppTextStyles.bodyMedium.copyWith(color: AppColors.textTertiary),
                                          ^^^^^^^^
lib/src/features/authentication/presentation/login_screen.dart:113:45: Error: Method invocation is not a constant expression.
                    style: AppTextStyles.h2.copyWith(color: AppColors.textPrimary),
                                            ^^^^^^^^
lib/src/features/authentication/presentation/login_screen.dart:167:57: Error: Method invocation is not a constant expression.
                        style: AppTextStyles.labelLarge.copyWith(color: AppColors.primary),
                                                        ^^^^^^^^
lib/src/features/authentication/presentation/login_screen.dart:497:45: Error: Couldn't find constructor 'AppTextStyles.h5.copyWith'.
              style: const AppTextStyles.h5.copyWith(color: AppColors.textPrimary),
                                            ^^^^^^^^
lib/src/features/authentication/presentation/signup_screen.dart:137:45: Error: Method invocation is not a constant expression.
                    style: AppTextStyles.h2.copyWith(color: AppColors.textPrimary),
                                            ^^^^^^^^
lib/src/features/authentication/presentation/signup_screen.dart:669:45: Error: Couldn't find constructor 'AppTextStyles.h5.copyWith'.
              style: const AppTextStyles.h5.copyWith(color: AppColors.textPrimary),
                                            ^^^^^^^^
lib/src/features/authentication/presentation/phone_collection_screen.dart:138:41: Error: Method invocation is not a constant expression.
                style: AppTextStyles.h2.copyWith(color: AppColors.textPrimary),
                                        ^^^^^^^^
lib/src/features/authentication/presentation/phone_collection_screen.dart:154:49: Error: Method invocation is not a constant expression.
                style: AppTextStyles.labelLarge.copyWith(color: AppColors.textPrimary),
                                                ^^^^^^^^
lib/src/features/authentication/presentation/profile_setup_screen.dart:209:47: Error: Method invocation is not a constant expression.
                      style: AppTextStyles.h2.copyWith(color: AppColors.textPrimary),
                                              ^^^^^^^^
lib/src/features/authentication/presentation/profile_setup_screen.dart:484:45: Error: Method invocation is not a constant expression.
            style: AppTextStyles.labelLarge.copyWith(color: AppColors.accentRose),
                                            ^^^^^^^^
lib/src/features/authentication/presentation/preferences_screen.dart:183:45: Error: Method invocation is not a constant expression.
                    style: AppTextStyles.h2.copyWith(color: AppColors.textPrimary),
                                            ^^^^^^^^
lib/src/features/authentication/presentation/preferences_screen.dart:399:51: Error: Couldn't find constructor 'AppTextStyles.h5.copyWith'.
                    style: const AppTextStyles.h5.copyWith(color: AppColors.textPrimary),
                                                  ^^^^^^^^
lib/src/features/trips/presentation/trip_detail_screen.dart:399:51: Error: Couldn't find constructor 'AppTextStyles.h5.copyWith'.
                    style: const AppTextStyles.h5.copyWith(color: Colors.white),
                                                  ^^^^^^^^
lib/src/features/trips/presentation/trip_detail_screen.dart:502:51: Error: Couldn't find constructor 'AppTextStyles.h2.copyWith'.
                    style: const AppTextStyles.h2.copyWith(color: Colors.white),
                                                  ^^^^^^^^
lib/src/features/trips/presentation/trip_detail_screen.dart:526:51: Error: Couldn't find constructor 'AppTextStyles.h2.copyWith'.
                    style: const AppTextStyles.h2.copyWith(color: Colors.white),
                                                  ^^^^^^^^
lib/src/features/trips/presentation/trip_detail_screen.dart:550:45: Error: Method invocation is not a constant expression.
                    style: AppTextStyles.h2.copyWith(color: Colors.white),
                                            ^^^^^^^^
lib/src/features/trips/presentation/trip_detail_screen.dart:665:55: Error: Method invocation is not a constant expression.
                      style: AppTextStyles.labelLarge.copyWith(color: Colors.white),
                                                      ^^^^^^^^
lib/src/features/trips/presentation/trip_detail_screen.dart:972:57: Error: Method invocation is not a constant expression.
                        style: AppTextStyles.labelSmall.copyWith(color: Colors.white),
                                                        ^^^^^^^^
lib/src/features/trips/presentation/trip_detail_screen.dart:1205:67: Error: Method invocation is not a constant expression.
                                  style: AppTextStyles.labelSmall.copyWith(color: const Color(0xFF22C55E)),
                                                                  ^^^^^^^^
lib/src/features/trips/presentation/trip_detail_screen.dart:1244:55: Error: Method invocation is not a constant expression.
                      style: AppTextStyles.labelLarge.copyWith(color: Colors.white),
                                                      ^^^^^^^^
lib/src/features/trips/presentation/trip_detail_screen.dart:1310:59: Error: Method invocation is not a constant expression.
                          style: AppTextStyles.bodyMedium.copyWith(color: Colors.white),
                                                          ^^^^^^^^
lib/src/features/trips/presentation/trip_detail_screen.dart:1595:49: Error: Method invocation is not a constant expression.
                        style: AppTextStyles.h5.copyWith(color: Colors.white),
                                                ^^^^^^^^
lib/src/features/trips/presentation/my_trips_screen.dart:446:49: Error: Method invocation is not a constant expression.
                style: AppTextStyles.labelLarge.copyWith(color: Colors.white),
                                                ^^^^^^^^
lib/src/features/trips/presentation/my_trips_screen.dart:476:49: Error: Method invocation is not a constant expression.
                style: AppTextStyles.labelLarge.copyWith(color: Colors.white),
                                                ^^^^^^^^
lib/src/features/trips/presentation/my_trips_screen.dart:501:49: Error: Method invocation is not a constant expression.
                style: AppTextStyles.labelLarge.copyWith(color: Colors.white),
                                                ^^^^^^^^
lib/src/features/trips/presentation/my_trips_screen.dart:523:51: Error: Method invocation is not a constant expression.
                  style: AppTextStyles.labelLarge.copyWith(color: Colors.white),
                                                  ^^^^^^^^
lib/src/features/trips/presentation/my_trips_screen.dart:590:51: Error: Couldn't find constructor 'AppTextStyles.h5.copyWith'.
                    style: const AppTextStyles.h5.copyWith(color: Colors.white),
                                                  ^^^^^^^^
lib/src/features/chat/presentation/chat_list_screen.dart:203:57: Error: Couldn't find constructor 'AppTextStyles.h5.copyWith'.
                          style: const AppTextStyles.h5.copyWith(color: Colors.white),
                                                        ^^^^^^^^
lib/src/features/profile/presentation/profile_screen.dart:175:43: Error: Couldn't find constructor 'AppTextStyles.h2.copyWith'.
            style: const AppTextStyles.h2.copyWith(color: Colors.white),
                                          ^^^^^^^^
lib/src/features/profile/presentation/profile_screen.dart:223:43: Error: Couldn't find constructor 'AppTextStyles.h2.copyWith'.
            style: const AppTextStyles.h2.copyWith(color: Colors.white),
                                          ^^^^^^^^
lib/src/features/profile/presentation/edit_profile_screen.dart:241:61: Error: Couldn't find constructor 'AppTextStyles.h1.copyWith'.
                              style: const AppTextStyles.h1.copyWith(color: Colors.white),
                                                            ^^^^^^^^
lib/src/features/profile/presentation/edit_profile_screen.dart:249:57: Error: Couldn't find constructor 'AppTextStyles.h1.copyWith'.
                          style: const AppTextStyles.h1.copyWith(color: Colors.white),
                                                        ^^^^^^^^
lib/src/features/payments/presentation/payment_method_screen.dart:233:53: Error: Method invocation is not a constant expression.
                            style: AppTextStyles.h2.copyWith(color: Colors.white),
                                                    ^^^^^^^^
lib/src/features/payments/presentation/payment_method_screen.dart:411:47: Error: Couldn't find constructor 'AppTextStyles.h5.copyWith'.
                style: const AppTextStyles.h5.copyWith(color: Colors.white),
                                              ^^^^^^^^
lib/src/features/payments/presentation/payment_method_screen.dart:483:49: Error: Couldn't find constructor 'AppTextStyles.h2.copyWith'.
                  style: const AppTextStyles.h2.copyWith(color: Colors.white),
                                                ^^^^^^^^
lib/src/features/payments/presentation/payment_confirmation_screen.dart:693:43: Error: Method invocation is not a constant expression.
                  style: AppTextStyles.h2.copyWith(color: Colors.white),
                                          ^^^^^^^^
lib/src/features/payments/presentation/payment_confirmation_screen.dart:1154:39: Error: Method invocation is not a constant expression.
              style: AppTextStyles.h5.copyWith(color: Colors.white),
                                      ^^^^^^^^
lib/src/features/bookings/presentation/trip_booking_screen.dart:285:35: Error: Method invocation is not a constant expression.
          style: AppTextStyles.h2.copyWith(color: AppColors.textPrimary),
                                  ^^^^^^^^
lib/src/features/bookings/presentation/trip_booking_screen.dart:464:35: Error: Method invocation is not a constant expression.
          style: AppTextStyles.h2.copyWith(color: AppColors.textPrimary),
                                  ^^^^^^^^
lib/src/features/bookings/presentation/trip_booking_screen.dart:491:35: Error: Method invocation is not a constant expression.
          style: AppTextStyles.h2.copyWith(color: AppColors.textPrimary),
                                  ^^^^^^^^
lib/src/features/bookings/presentation/trip_booking_screen.dart:605:35: Error: Method invocation is not a constant expression.
          style: AppTextStyles.h2.copyWith(color: AppColors.textPrimary),
                                  ^^^^^^^^
lib/src/features/bookings/presentation/trip_booking_screen.dart:756:47: Error: Couldn't find constructor 'AppTextStyles.h5.copyWith'.
                style: const AppTextStyles.h5.copyWith(color: Colors.white),
                                              ^^^^^^^^
lib/src/features/explore/presentation/explore_screen.dart:42:39: Error: Method invocation is not a constant expression.
              style: AppTextStyles.h2.copyWith(color: Colors.white),
                                      ^^^^^^^^
lib/src/features/explore/presentation/explore_screen.dart:371:61: Error: Couldn't find constructor 'AppTextStyles.h2.copyWith'.
                              style: const AppTextStyles.h2.copyWith(color: Colors.white),
                                                            ^^^^^^^^
lib/src/features/explore/presentation/explore_screen.dart:511:55: Error: Couldn't find constructor 'AppTextStyles.h5.copyWith'.
                        style: const AppTextStyles.h5.copyWith(color: Colors.white),
                                                      ^^^^^^^^
lib/src/features/demo/presentation/design_demo_screen.dart:84:43: Error: Method invocation is not a constant expression.
                  style: AppTextStyles.h2.copyWith(color: Colors.white),
                                          ^^^^^^^^
lib/src/features/demo/presentation/design_demo_screen.dart:450:45: Error: Couldn't find constructor 'AppTextStyles.h2.copyWith'.
              style: const AppTextStyles.h2.copyWith(color: AppColors.textPrimary),
                                            ^^^^^^^^
lib/src/features/home/presentation/widgets/trip_card.dart:131:51: Error: Couldn't find constructor 'AppTextStyles.h5.copyWith'.
                    style: const AppTextStyles.h5.copyWith(color: AppColors.textPrimary),
                                                  ^^^^^^^^
lib/src/features/home/presentation/widgets/trip_card.dart:154:55: Error: Couldn't find constructor 'AppTextStyles.h5.copyWith'.
                        style: const AppTextStyles.h5.copyWith(color: AppColors.textPrimary),
                                                      ^^^^^^^^
Try again after fixing the above error(s).

Performing hot reload...                                        
lib/src/features/onboarding/presentation/onboarding_screen.dart:506:43: Error: Method invocation is not a constant expression.
          style: AppTextStyles.bodyMedium.copyWith(color: AppColors.textTertiary),
                                          ^^^^^^^^
lib/src/features/authentication/presentation/login_screen.dart:113:45: Error: Method invocation is not a constant expression.
                    style: AppTextStyles.h2.copyWith(color: AppColors.textPrimary),
                                            ^^^^^^^^
lib/src/features/authentication/presentation/login_screen.dart:167:57: Error: Method invocation is not a constant expression.
                        style: AppTextStyles.labelLarge.copyWith(color: AppColors.primary),
                                                        ^^^^^^^^
lib/src/features/authentication/presentation/signup_screen.dart:137:45: Error: Method invocation is not a constant expression.
                    style: AppTextStyles.h2.copyWith(color: AppColors.textPrimary),
                                            ^^^^^^^^
lib/src/features/authentication/presentation/phone_collection_screen.dart:138:41: Error: Method invocation is not a constant expression.
                style: AppTextStyles.h2.copyWith(color: AppColors.textPrimary),
                                        ^^^^^^^^
lib/src/features/authentication/presentation/phone_collection_screen.dart:154:49: Error: Method invocation is not a constant expression.
                style: AppTextStyles.labelLarge.copyWith(color: AppColors.textPrimary),
                                                ^^^^^^^^
lib/src/features/authentication/presentation/profile_setup_screen.dart:209:47: Error: Method invocation is not a constant expression.
                      style: AppTextStyles.h2.copyWith(color: AppColors.textPrimary),
                                              ^^^^^^^^
lib/src/features/authentication/presentation/profile_setup_screen.dart:484:45: Error: Method invocation is not a constant expression.
            style: AppTextStyles.labelLarge.copyWith(color: AppColors.accentRose),
                                            ^^^^^^^^
lib/src/features/authentication/presentation/preferences_screen.dart:183:45: Error: Method invocation is not a constant expression.
                    style: AppTextStyles.h2.copyWith(color: AppColors.textPrimary),
                                            ^^^^^^^^
lib/src/features/trips/presentation/trip_detail_screen.dart:550:45: Error: Method invocation is not a constant expression.
                    style: AppTextStyles.h2.copyWith(color: Colors.white),
                                            ^^^^^^^^
lib/src/features/trips/presentation/trip_detail_screen.dart:665:55: Error: Method invocation is not a constant expression.
                      style: AppTextStyles.labelLarge.copyWith(color: Colors.white),
                                                      ^^^^^^^^
lib/src/features/trips/presentation/trip_detail_screen.dart:972:57: Error: Method invocation is not a constant expression.
                        style: AppTextStyles.labelSmall.copyWith(color: Colors.white),
                                                        ^^^^^^^^
lib/src/features/trips/presentation/trip_detail_screen.dart:1205:67: Error: Method invocation is not a constant expression.
                                  style: AppTextStyles.labelSmall.copyWith(color: const Color(0xFF22C55E)),
                                                                  ^^^^^^^^
lib/src/features/trips/presentation/trip_detail_screen.dart:1244:55: Error: Method invocation is not a constant expression.
                      style: AppTextStyles.labelLarge.copyWith(color: Colors.white),
                                                      ^^^^^^^^
lib/src/features/trips/presentation/trip_detail_screen.dart:1310:59: Error: Method invocation is not a constant expression.
                          style: AppTextStyles.bodyMedium.copyWith(color: Colors.white),
                                                          ^^^^^^^^
lib/src/features/trips/presentation/trip_detail_screen.dart:1595:49: Error: Method invocation is not a constant expression.
                        style: AppTextStyles.h5.copyWith(color: Colors.white),
                                                ^^^^^^^^
lib/src/features/trips/presentation/my_trips_screen.dart:446:49: Error: Method invocation is not a constant expression.
                style: AppTextStyles.labelLarge.copyWith(color: Colors.white),
                                                ^^^^^^^^
lib/src/features/trips/presentation/my_trips_screen.dart:476:49: Error: Method invocation is not a constant expression.
                style: AppTextStyles.labelLarge.copyWith(color: Colors.white),
                                                ^^^^^^^^
lib/src/features/trips/presentation/my_trips_screen.dart:501:49: Error: Method invocation is not a constant expression.
                style: AppTextStyles.labelLarge.copyWith(color: Colors.white),
                                                ^^^^^^^^
lib/src/features/trips/presentation/my_trips_screen.dart:523:51: Error: Method invocation is not a constant expression.
                  style: AppTextStyles.labelLarge.copyWith(color: Colors.white),
                                                  ^^^^^^^^
lib/src/features/payments/presentation/payment_method_screen.dart:233:53: Error: Method invocation is not a constant expression.
                            style: AppTextStyles.h2.copyWith(color: Colors.white),
                                                    ^^^^^^^^
lib/src/features/payments/presentation/payment_confirmation_screen.dart:693:43: Error: Method invocation is not a constant expression.
                  style: AppTextStyles.h2.copyWith(color: Colors.white),
                                          ^^^^^^^^
lib/src/features/payments/presentation/payment_confirmation_screen.dart:1154:39: Error: Method invocation is not a constant expression.
              style: AppTextStyles.h5.copyWith(color: Colors.white),
                                      ^^^^^^^^
lib/src/features/bookings/presentation/trip_booking_screen.dart:285:35: Error: Method invocation is not a constant expression.
          style: AppTextStyles.h2.copyWith(color: AppColors.textPrimary),
                                  ^^^^^^^^
lib/src/features/bookings/presentation/trip_booking_screen.dart:464:35: Error: Method invocation is not a constant expression.
          style: AppTextStyles.h2.copyWith(color: AppColors.textPrimary),
                                  ^^^^^^^^
lib/src/features/bookings/presentation/trip_booking_screen.dart:491:35: Error: Method invocation is not a constant expression.
          style: AppTextStyles.h2.copyWith(color: AppColors.textPrimary),
                                  ^^^^^^^^
lib/src/features/bookings/presentation/trip_booking_screen.dart:605:35: Error: Method invocation is not a constant expression.
          style: AppTextStyles.h2.copyWith(color: AppColors.textPrimary),
                                  ^^^^^^^^
lib/src/features/explore/presentation/explore_screen.dart:42:39: Error: Method invocation is not a constant expression.
              style: AppTextStyles.h2.copyWith(color: Colors.white),
                                      ^^^^^^^^
lib/src/features/demo/presentation/design_demo_screen.dart:84:43: Error: Method invocation is not a constant expression.
                  style: AppTextStyles.h2.copyWith(color: Colors.white),
                                          ^^^^^^^^
Try again after fixing the above error(s).

Performing hot reload...                                        
lib/src/features/onboarding/presentation/onboarding_screen.dart:506:43: Error: Method invocation is not a constant expression.
          style: AppTextStyles.bodyMedium.copyWith(color: AppColors.textTertiary),
                                          ^^^^^^^^
lib/src/features/authentication/presentation/login_screen.dart:113:45: Error: Method invocation is not a constant expression.
                    style: AppTextStyles.h2.copyWith(color: AppColors.textPrimary),
                                            ^^^^^^^^
lib/src/features/authentication/presentation/login_screen.dart:167:57: Error: Method invocation is not a constant expression.
                        style: AppTextStyles.labelLarge.copyWith(color: AppColors.primary),
                                                        ^^^^^^^^
lib/src/features/authentication/presentation/signup_screen.dart:137:45: Error: Method invocation is not a constant expression.
                    style: AppTextStyles.h2.copyWith(color: AppColors.textPrimary),
                                            ^^^^^^^^
lib/src/features/authentication/presentation/phone_collection_screen.dart:138:41: Error: Method invocation is not a constant expression.
                style: AppTextStyles.h2.copyWith(color: AppColors.textPrimary),
                                        ^^^^^^^^
lib/src/features/authentication/presentation/phone_collection_screen.dart:154:49: Error: Method invocation is not a constant expression.
                style: AppTextStyles.labelLarge.copyWith(color: AppColors.textPrimary),
                                                ^^^^^^^^
lib/src/features/authentication/presentation/profile_setup_screen.dart:209:47: Error: Method invocation is not a constant expression.
                      style: AppTextStyles.h2.copyWith(color: AppColors.textPrimary),
                                              ^^^^^^^^
lib/src/features/authentication/presentation/profile_setup_screen.dart:484:45: Error: Method invocation is not a constant expression.
            style: AppTextStyles.labelLarge.copyWith(color: AppColors.accentRose),
                                            ^^^^^^^^
lib/src/features/authentication/presentation/preferences_screen.dart:183:45: Error: Method invocation is not a constant expression.
                    style: AppTextStyles.h2.copyWith(color: AppColors.textPrimary),
                                            ^^^^^^^^
lib/src/features/trips/presentation/trip_detail_screen.dart:550:45: Error: Method invocation is not a constant expression.
                    style: AppTextStyles.h2.copyWith(color: Colors.white),
                                            ^^^^^^^^
lib/src/features/trips/presentation/trip_detail_screen.dart:665:55: Error: Method invocation is not a constant expression.
                      style: AppTextStyles.labelLarge.copyWith(color: Colors.white),
                                                      ^^^^^^^^
lib/src/features/trips/presentation/trip_detail_screen.dart:972:57: Error: Method invocation is not a constant expression.
                        style: AppTextStyles.labelSmall.copyWith(color: Colors.white),
                                                        ^^^^^^^^
lib/src/features/trips/presentation/trip_detail_screen.dart:1205:67: Error: Method invocation is not a constant expression.
                                  style: AppTextStyles.labelSmall.copyWith(color: const Color(0xFF22C55E)),
                                                                  ^^^^^^^^
lib/src/features/trips/presentation/trip_detail_screen.dart:1244:55: Error: Method invocation is not a constant expression.
                      style: AppTextStyles.labelLarge.copyWith(color: Colors.white),
                                                      ^^^^^^^^
lib/src/features/trips/presentation/trip_detail_screen.dart:1310:59: Error: Method invocation is not a constant expression.
                          style: AppTextStyles.bodyMedium.copyWith(color: Colors.white),
                                                          ^^^^^^^^
lib/src/features/trips/presentation/trip_detail_screen.dart:1595:49: Error: Method invocation is not a constant expression.
                        style: AppTextStyles.h5.copyWith(color: Colors.white),
                                                ^^^^^^^^
lib/src/features/trips/presentation/my_trips_screen.dart:446:49: Error: Method invocation is not a constant expression.
                style: AppTextStyles.labelLarge.copyWith(color: Colors.white),
                                                ^^^^^^^^
lib/src/features/trips/presentation/my_trips_screen.dart:476:49: Error: Method invocation is not a constant expression.
                style: AppTextStyles.labelLarge.copyWith(color: Colors.white),
                                                ^^^^^^^^
lib/src/features/trips/presentation/my_trips_screen.dart:501:49: Error: Method invocation is not a constant expression.
                style: AppTextStyles.labelLarge.copyWith(color: Colors.white),
                                                ^^^^^^^^
lib/src/features/trips/presentation/my_trips_screen.dart:523:51: Error: Method invocation is not a constant expression.
                  style: AppTextStyles.labelLarge.copyWith(color: Colors.white),
                                                  ^^^^^^^^
lib/src/features/payments/presentation/payment_method_screen.dart:233:53: Error: Method invocation is not a constant expression.
                            style: AppTextStyles.h2.copyWith(color: Colors.white),
                                                    ^^^^^^^^
lib/src/features/payments/presentation/payment_confirmation_screen.dart:693:43: Error: Method invocation is not a constant expression.
                  style: AppTextStyles.h2.copyWith(color: Colors.white),
                                          ^^^^^^^^
lib/src/features/payments/presentation/payment_confirmation_screen.dart:1154:39: Error: Method invocation is not a constant expression.
              style: AppTextStyles.h5.copyWith(color: Colors.white),
                                      ^^^^^^^^
lib/src/features/bookings/presentation/trip_booking_screen.dart:285:35: Error: Method invocation is not a constant expression.
          style: AppTextStyles.h2.copyWith(color: AppColors.textPrimary),
                                  ^^^^^^^^
lib/src/features/bookings/presentation/trip_booking_screen.dart:464:35: Error: Method invocation is not a constant expression.
          style: AppTextStyles.h2.copyWith(color: AppColors.textPrimary),
                                  ^^^^^^^^
lib/src/features/bookings/presentation/trip_booking_screen.dart:491:35: Error: Method invocation is not a constant expression.
          style: AppTextStyles.h2.copyWith(color: AppColors.textPrimary),
                                  ^^^^^^^^
lib/src/features/bookings/presentation/trip_booking_screen.dart:605:35: Error: Method invocation is not a constant expression.
          style: AppTextStyles.h2.copyWith(color: AppColors.textPrimary),
                                  ^^^^^^^^
lib/src/features/explore/presentation/explore_screen.dart:42:39: Error: Method invocation is not a constant expression.
              style: AppTextStyles.h2.copyWith(color: Colors.white),
                                      ^^^^^^^^
lib/src/features/demo/presentation/design_demo_screen.dart:84:43: Error: Method invocation is not a constant expression.
                  style: AppTextStyles.h2.copyWith(color: Colors.white),
                                          ^^^^^^^^
Try again after fixing the above error(s).

Performing hot reload...                                        
lib/src/features/authentication/presentation/profile_setup_screen.dart:209:47: Error: Method invocation is not a constant expression.
                      style: AppTextStyles.h2.copyWith(color: AppColors.textPrimary),
                                              ^^^^^^^^
lib/src/features/trips/presentation/trip_detail_screen.dart:1244:55: Error: Method invocation is not a constant expression.
                      style: AppTextStyles.labelLarge.copyWith(color: Colors.white),
                                                      ^^^^^^^^
lib/src/features/trips/presentation/trip_detail_screen.dart:1595:49: Error: Method invocation is not a constant expression.
                        style: AppTextStyles.h5.copyWith(color: Colors.white),
                                                ^^^^^^^^
lib/src/features/payments/presentation/payment_confirmation_screen.dart:1154:39: Error: Method invocation is not a constant expression.
              style: AppTextStyles.h5.copyWith(color: Colors.white),
                                      ^^^^^^^^
Try again after fixing the above error(s).

Performing hot reload...                                        
Reloaded 36 of 2771 libraries in 673ms (compile: 172 ms, reload: 204 ms, reassemble: 255 ms).
W/WindowOnBackDispatcher( 7126): OnBackInvokedCallback is not enabled for the application.
W/WindowOnBackDispatcher( 7126): Set 'android:enableOnBackInvokedCallback="true"' in the application manifest.
W/WindowOnBackDispatcher( 7126): OnBackInvokedCallback is not enabled for the application.
W/WindowOnBackDispatcher( 7126): Set 'android:enableOnBackInvokedCallback="true"' in the application manifest.
